{"/home/luan/Trybe/projetos/front-end/sd-022-a-project-recipes-app/src/App.js": {"path":"/home/luan/Trybe/projetos/front-end/sd-022-a-project-recipes-app/src/App.js","statementMap":{"0":{"start":{"line":8,"column":2},"end":{"line":12,"column":4}}},"fnMap":{"0":{"name":"App","decl":{"start":{"line":7,"column":9},"end":{"line":7,"column":12}},"loc":{"start":{"line":7,"column":15},"end":{"line":13,"column":1}},"line":7}},"branchMap":{},"s":{"0":2},"f":{"0":2},"b":{},"_coverageSchema":"1a1c01bbd47fc00a2c39e90264f33305004495a9","hash":"73f27e2c79a262ed72ba79715c41a5d6fbcd71bb"}
,"/home/luan/Trybe/projetos/front-end/sd-022-a-project-recipes-app/src/context/MyContext.js": {"path":"/home/luan/Trybe/projetos/front-end/sd-022-a-project-recipes-app/src/context/MyContext.js","statementMap":{"0":{"start":{"line":3,"column":18},"end":{"line":3,"column":33}}},"fnMap":{},"branchMap":{},"s":{"0":0},"f":{},"b":{}}
,"/home/luan/Trybe/projetos/front-end/sd-022-a-project-recipes-app/src/context/MyProvider.js": {"path":"/home/luan/Trybe/projetos/front-end/sd-022-a-project-recipes-app/src/context/MyProvider.js","statementMap":{"0":{"start":{"line":6,"column":16},"end":{"line":6,"column":18}},"1":{"start":{"line":8,"column":2},"end":{"line":12,"column":4}},"2":{"start":{"line":15,"column":0},"end":{"line":17,"column":2}}},"fnMap":{"0":{"name":"MyProvider","decl":{"start":{"line":5,"column":9},"end":{"line":5,"column":19}},"loc":{"start":{"line":5,"column":34},"end":{"line":13,"column":1}},"line":5}},"branchMap":{},"s":{"0":0,"1":0,"2":0},"f":{"0":0},"b":{}}
,"/home/luan/Trybe/projetos/front-end/sd-022-a-project-recipes-app/src/pages/Login.js": {"path":"/home/luan/Trybe/projetos/front-end/sd-022-a-project-recipes-app/src/pages/Login.js","statementMap":{"0":{"start":{"line":5,"column":28},"end":{"line":5,"column":40}},"1":{"start":{"line":6,"column":34},"end":{"line":6,"column":46}},"2":{"start":{"line":7,"column":36},"end":{"line":7,"column":50}},"3":{"start":{"line":8,"column":18},"end":{"line":8,"column":30}},"4":{"start":{"line":9,"column":22},"end":{"line":9,"column":23}},"5":{"start":{"line":11,"column":22},"end":{"line":18,"column":3}},"6":{"start":{"line":12,"column":20},"end":{"line":12,"column":29}},"7":{"start":{"line":13,"column":24},"end":{"line":13,"column":47}},"8":{"start":{"line":14,"column":4},"end":{"line":14,"column":46}},"9":{"start":{"line":15,"column":4},"end":{"line":15,"column":42}},"10":{"start":{"line":16,"column":4},"end":{"line":16,"column":46}},"11":{"start":{"line":17,"column":4},"end":{"line":17,"column":26}},"12":{"start":{"line":20,"column":25},"end":{"line":30,"column":3}},"13":{"start":{"line":21,"column":4},"end":{"line":29,"column":5}},"14":{"start":{"line":26,"column":6},"end":{"line":26,"column":25}},"15":{"start":{"line":28,"column":6},"end":{"line":28,"column":24}},"16":{"start":{"line":32,"column":23},"end":{"line":41,"column":3}},"17":{"start":{"line":33,"column":4},"end":{"line":40,"column":5}},"18":{"start":{"line":34,"column":6},"end":{"line":34,"column":31}},"19":{"start":{"line":35,"column":6},"end":{"line":35,"column":29}},"20":{"start":{"line":36,"column":6},"end":{"line":36,"column":23}},"21":{"start":{"line":38,"column":6},"end":{"line":38,"column":32}},"22":{"start":{"line":39,"column":6},"end":{"line":39,"column":23}},"23":{"start":{"line":43,"column":2},"end":{"line":73,"column":4}}},"fnMap":{"0":{"name":"Login","decl":{"start":{"line":4,"column":9},"end":{"line":4,"column":14}},"loc":{"start":{"line":4,"column":17},"end":{"line":74,"column":1}},"line":4},"1":{"name":"(anonymous_1)","decl":{"start":{"line":11,"column":22},"end":{"line":11,"column":23}},"loc":{"start":{"line":11,"column":28},"end":{"line":18,"column":3}},"line":11},"2":{"name":"(anonymous_2)","decl":{"start":{"line":20,"column":25},"end":{"line":20,"column":26}},"loc":{"start":{"line":20,"column":31},"end":{"line":30,"column":3}},"line":20},"3":{"name":"(anonymous_3)","decl":{"start":{"line":32,"column":23},"end":{"line":32,"column":24}},"loc":{"start":{"line":32,"column":39},"end":{"line":41,"column":3}},"line":32}},"branchMap":{"0":{"loc":{"start":{"line":21,"column":4},"end":{"line":29,"column":5}},"type":"if","locations":[{"start":{"line":21,"column":4},"end":{"line":29,"column":5}},{"start":{"line":27,"column":11},"end":{"line":29,"column":5}}],"line":21},"1":{"loc":{"start":{"line":22,"column":6},"end":{"line":25,"column":38}},"type":"binary-expr","locations":[{"start":{"line":22,"column":6},"end":{"line":22,"column":25}},{"start":{"line":23,"column":9},"end":{"line":23,"column":25}},{"start":{"line":24,"column":9},"end":{"line":24,"column":28}},{"start":{"line":25,"column":9},"end":{"line":25,"column":38}}],"line":22},"2":{"loc":{"start":{"line":33,"column":4},"end":{"line":40,"column":5}},"type":"if","locations":[{"start":{"line":33,"column":4},"end":{"line":40,"column":5}},{"start":{"line":37,"column":11},"end":{"line":40,"column":5}}],"line":33}},"s":{"0":27,"1":27,"2":27,"3":27,"4":27,"5":27,"6":1,"7":1,"8":1,"9":1,"10":1,"11":1,"12":27,"13":25,"14":4,"15":21,"16":27,"17":25,"18":15,"19":15,"20":15,"21":10,"22":10,"23":27},"f":{"0":27,"1":1,"2":25,"3":25},"b":{"0":[4,21],"1":[25,19,19,13],"2":[15,10]},"_coverageSchema":"1a1c01bbd47fc00a2c39e90264f33305004495a9","hash":"e38743db6fd175e8f60d801f7335cc1af747dc57"}
}
