TN:
SF:src/App.js
FN:7,App
FNF:1
FNH:1
FNDA:2,App
DA:8,2
LF:1
LH:1
BRF:0
BRH:0
end_of_record
TN:
SF:src/context/MyContext.js
FNF:0
FNH:0
DA:3,0
LF:1
LH:0
BRF:0
BRH:0
end_of_record
TN:
SF:src/context/MyProvider.js
FN:5,MyProvider
FNF:1
FNH:0
FNDA:0,MyProvider
DA:6,0
DA:8,0
DA:15,0
LF:3
LH:0
BRF:0
BRH:0
end_of_record
TN:
SF:src/pages/Login.js
FN:4,Login
FN:11,(anonymous_1)
FN:20,(anonymous_2)
FN:32,(anonymous_3)
FNF:4
FNH:4
FNDA:27,Login
FNDA:1,(anonymous_1)
FNDA:25,(anonymous_2)
FNDA:25,(anonymous_3)
DA:5,27
DA:6,27
DA:7,27
DA:8,27
DA:9,27
DA:11,27
DA:12,1
DA:13,1
DA:14,1
DA:15,1
DA:16,1
DA:17,1
DA:20,27
DA:21,25
DA:26,4
DA:28,21
DA:32,27
DA:33,25
DA:34,15
DA:35,15
DA:36,15
DA:38,10
DA:39,10
DA:43,27
LF:24
LH:24
BRDA:21,0,0,4
BRDA:21,0,1,21
BRDA:22,1,0,25
BRDA:22,1,1,19
BRDA:22,1,2,19
BRDA:22,1,3,13
BRDA:33,2,0,15
BRDA:33,2,1,10
BRF:8
BRH:8
end_of_record
